<?xml version="1.0" encoding="UTF-8"?>
<testng-results skipped="0" failed="0" total="1" passed="1">
  <reporter-output>
  </reporter-output>
  <suite name="Default suite" duration-ms="39988" started-at="2016-02-25T08:43:38Z" finished-at="2016-02-25T08:44:18Z">
    <groups>
    </groups>
    <test name="Default test" duration-ms="39988" started-at="2016-02-25T08:43:38Z" finished-at="2016-02-25T08:44:18Z">
      <class name="com.hw.views.FileBrowserViewTest">
        <test-method status="PASS" signature="init()[pri:0, instance:com.hw.views.FileBrowserViewTest@338fc1d8]" name="init" is-config="true" duration-ms="22419" started-at="2016-02-25T14:13:38Z" finished-at="2016-02-25T14:14:01Z">
          <reporter-output>
          </reporter-output>
        </test-method> <!-- init -->
        <test-method status="PASS" signature="newFolder()[pri:0, instance:com.hw.views.FileBrowserViewTest@338fc1d8]" name="newFolder" duration-ms="7551" started-at="2016-02-25T14:14:01Z" finished-at="2016-02-25T14:14:08Z">
          <reporter-output>
          </reporter-output>
        </test-method> <!-- newFolder -->
        <test-method status="PASS" signature="finalize()[pri:0, instance:com.hw.views.FileBrowserViewTest@338fc1d8]" name="finalize" is-config="true" duration-ms="10009" started-at="2016-02-25T14:14:08Z" finished-at="2016-02-25T14:14:18Z">
          <reporter-output>
          </reporter-output>
        </test-method> <!-- finalize -->
      </class> <!-- com.hw.views.FileBrowserViewTest -->
    </test> <!-- Default test -->
  </suite> <!-- Default suite -->
</testng-results>
