<?xml version="1.0" encoding="UTF-8"?>
<testng-results skipped="0" failed="0" total="1" passed="1">
  <reporter-output>
  </reporter-output>
  <suite name="Default suite" duration-ms="46469" started-at="2016-02-25T18:27:49Z" finished-at="2016-02-25T18:28:35Z">
    <groups>
    </groups>
    <test name="Default test" duration-ms="46469" started-at="2016-02-25T18:27:49Z" finished-at="2016-02-25T18:28:35Z">
      <class name="com.hw.views.FileBrowserViewTest">
        <test-method status="PASS" signature="init()[pri:0, instance:com.hw.views.FileBrowserViewTest@4722ef0c]" name="init" is-config="true" duration-ms="28580" started-at="2016-02-25T23:57:49Z" finished-at="2016-02-25T23:58:18Z">
          <reporter-output>
          </reporter-output>
        </test-method> <!-- init -->
        <test-method status="PASS" signature="newFolderWithSpecialChars()[pri:0, instance:com.hw.views.FileBrowserViewTest@4722ef0c]" name="newFolderWithSpecialChars" duration-ms="7868" started-at="2016-02-25T23:58:18Z" finished-at="2016-02-25T23:58:25Z">
          <reporter-output>
          </reporter-output>
        </test-method> <!-- newFolderWithSpecialChars -->
        <test-method status="PASS" signature="finalize()[pri:0, instance:com.hw.views.FileBrowserViewTest@4722ef0c]" name="finalize" is-config="true" duration-ms="10013" started-at="2016-02-25T23:58:25Z" finished-at="2016-02-25T23:58:35Z">
          <reporter-output>
          </reporter-output>
        </test-method> <!-- finalize -->
      </class> <!-- com.hw.views.FileBrowserViewTest -->
    </test> <!-- Default test -->
  </suite> <!-- Default suite -->
</testng-results>
